This is pdfTeX, Version 3.141592653-2.6-1.40.24 (MiKTeX 22.3) (preloaded format=pdflatex 2022.5.14)  15 MAY 2022 12:44
entering extended mode
 restricted \write18 enabled.
 file:line:error style messages enabled.
 %&-line parsing enabled.
**c:/Users/Maurizio/Desktop/HumanGenomics/principal.tex
(c:/Users/Maurizio/Desktop/HumanGenomics/principal.tex
LaTeX2e <2021-11-15> patch level 1
L3 programming layer <2022-04-29> (prefix.tex (C:\Users\Maurizio\AppData\Local\Programs\MiKTeX\tex/latex/base\book.cls
Document Class: book 2021/10/04 v1.4n Standard LaTeX document class
(C:\Users\Maurizio\AppData\Local\Programs\MiKTeX\tex/latex/base\bk10.clo
File: bk10.clo 2021/10/04 v1.4n Standard LaTeX file (size option)
)
\c@part=\count185
\c@chapter=\count186
\c@section=\count187
\c@subsection=\count188
\c@subsubsection=\count189
\c@paragraph=\count190
\c@subparagraph=\count191
\c@figure=\count192
\c@table=\count193
\abovecaptionskip=\skip47
\belowcaptionskip=\skip48
\bibindent=\dimen138
) (C:\Users\Maurizio\AppData\Local\Programs\MiKTeX\tex/latex/geometry\geometry.sty
Package: geometry 2020/01/02 v5.9 Page Geometry
 (C:\Users\Maurizio\AppData\Local\Programs\MiKTeX\tex/latex/graphics\keyval.sty
Package: keyval 2014/10/28 v1.15 key=value parser (DPC)
\KV@toks@=\toks16
) (C:\Users\Maurizio\AppData\Local\Programs\MiKTeX\tex/generic/iftex\ifvtex.sty
Package: ifvtex 2019/10/25 v1.7 ifvtex legacy package. Use iftex instead.
 (C:\Users\Maurizio\AppData\Local\Programs\MiKTeX\tex/generic/iftex\iftex.sty
Package: iftex 2022/02/03 v1.0f TeX engine tests
))
\Gm@cnth=\count194
\Gm@cntv=\count195
\c@Gm@tempcnt=\count196
\Gm@bindingoffset=\dimen139
\Gm@wd@mp=\dimen140
\Gm@odd@mp=\dimen141
\Gm@even@mp=\dimen142
\Gm@layoutwidth=\dimen143
\Gm@layoutheight=\dimen144
\Gm@layouthoffset=\dimen145
\Gm@layoutvoffset=\dimen146
\Gm@dimlist=\toks17
 (C:\Users\Maurizio\AppData\Local\Programs\MiKTeX\tex/latex/geometry\geometry.cfg)) (C:\Users\Maurizio\AppData\Local\Programs\MiKTeX\tex/generic/babel\babel.sty
Package: babel 2022/04/30 3.74 The Babel package
\babel@savecnt=\count197
\U@D=\dimen147
\l@unhyphenated=\language79
 (C:\Users\Maurizio\AppData\Local\Programs\MiKTeX\tex/generic/babel\txtbabel.def)
\bbl@readstream=\read2
\bbl@dirlevel=\count198

*************************************
* Local config file bblopts.cfg used
*
(C:\Users\Maurizio\AppData\Local\Programs\MiKTeX\tex/latex/arabi\bblopts.cfg
File: bblopts.cfg 2005/09/08 v0.1 add Arabic and Farsi to "declared" options of babel
) (C:\Users\Maurizio\AppData\Local\Programs\MiKTeX\tex/latex/babel-english\english.ldf
Language: english 2017/06/06 v3.3r English support from the babel system
Package babel Info: Hyphen rules for 'canadian' set to \l@english
(babel)             (\language0). Reported on input line 102.
Package babel Info: Hyphen rules for 'australian' set to \l@ukenglish
(babel)             (\language73). Reported on input line 105.
Package babel Info: Hyphen rules for 'newzealand' set to \l@ukenglish
(babel)             (\language73). Reported on input line 108.
)) (C:\Users\Maurizio\AppData\Local\Programs\MiKTeX\tex/latex/base\inputenc.sty
Package: inputenc 2021/02/14 v1.3d Input encoding file
\inpenc@prehook=\toks18
\inpenc@posthook=\toks19
) (C:\Users\Maurizio\AppData\Local\Programs\MiKTeX\tex/latex/base\fontenc.sty
Package: fontenc 2021/04/29 v2.0v Standard LaTeX package
) (C:\Users\Maurizio\AppData\Local\Programs\MiKTeX\tex/latex/cancel\cancel.sty
Package: cancel 2013/04/12 v2.2 Cancel math terms
) (C:\Users\Maurizio\AppData\Local\Programs\MiKTeX\tex/latex/amsmath\amsmath.sty
Package: amsmath 2021/10/15 v2.17l AMS math features
\@mathmargin=\skip49

For additional information on amsmath, use the `?' option.
(C:\Users\Maurizio\AppData\Local\Programs\MiKTeX\tex/latex/amsmath\amstext.sty
Package: amstext 2021/08/26 v2.01 AMS text
 (C:\Users\Maurizio\AppData\Local\Programs\MiKTeX\tex/latex/amsmath\amsgen.sty
File: amsgen.sty 1999/11/30 v2.0 generic functions
\@emptytoks=\toks20
\ex@=\dimen148
)) (C:\Users\Maurizio\AppData\Local\Programs\MiKTeX\tex/latex/amsmath\amsbsy.sty
Package: amsbsy 1999/11/29 v1.2d Bold Symbols
\pmbraise@=\dimen149
) (C:\Users\Maurizio\AppData\Local\Programs\MiKTeX\tex/latex/amsmath\amsopn.sty
Package: amsopn 2021/08/26 v2.02 operator names
)
\inf@bad=\count199
LaTeX Info: Redefining \frac on input line 234.
\uproot@=\count266
\leftroot@=\count267
LaTeX Info: Redefining \overline on input line 399.
\classnum@=\count268
\DOTSCASE@=\count269
LaTeX Info: Redefining \ldots on input line 496.
LaTeX Info: Redefining \dots on input line 499.
LaTeX Info: Redefining \cdots on input line 620.
\Mathstrutbox@=\box50
\strutbox@=\box51
\big@size=\dimen150
LaTeX Font Info:    Redeclaring font encoding OML on input line 743.
LaTeX Font Info:    Redeclaring font encoding OMS on input line 744.
\macc@depth=\count270
\c@MaxMatrixCols=\count271
\dotsspace@=\muskip16
\c@parentequation=\count272
\dspbrk@lvl=\count273
\tag@help=\toks21
\row@=\count274
\column@=\count275
\maxfields@=\count276
\andhelp@=\toks22
\eqnshift@=\dimen151
\alignsep@=\dimen152
\tagshift@=\dimen153
\tagwidth@=\dimen154
\totwidth@=\dimen155
\lineht@=\dimen156
\@envbody=\toks23
\multlinegap=\skip50
\multlinetaggap=\skip51
\mathdisplay@stack=\toks24
LaTeX Info: Redefining \[ on input line 2938.
LaTeX Info: Redefining \] on input line 2939.
) (C:\Users\Maurizio\AppData\Local\Programs\MiKTeX\tex/latex/amsfonts\amsfonts.sty
Package: amsfonts 2013/01/14 v3.01 Basic AMSFonts support
\symAMSa=\mathgroup4
\symAMSb=\mathgroup5
LaTeX Font Info:    Redeclaring math symbol \hbar on input line 98.
LaTeX Font Info:    Overwriting math alphabet `\mathfrak' in version `bold'
(Font)                  U/euf/m/n --> U/euf/b/n on input line 106.
) (C:\Users\Maurizio\AppData\Local\Programs\MiKTeX\tex/latex/doublestroke\dsfont.sty
Package: dsfont 1995/08/01 v0.1 Double stroke roman fonts
) (C:\Users\Maurizio\AppData\Local\Programs\MiKTeX\tex/latex/listings\listings.sty
\lst@mode=\count277
\lst@gtempboxa=\box52
\lst@token=\toks25
\lst@length=\count278
\lst@currlwidth=\dimen157
\lst@column=\count279
\lst@pos=\count280
\lst@lostspace=\dimen158
\lst@width=\dimen159
\lst@newlines=\count281
\lst@lineno=\count282
\lst@maxwidth=\dimen160
 (C:\Users\Maurizio\AppData\Local\Programs\MiKTeX\tex/latex/listings\lstmisc.sty
File: lstmisc.sty 2020/03/24 1.8d (Carsten Heinz)
\c@lstnumber=\count283
\lst@skipnumbers=\count284
\lst@framebox=\box53
) (C:\Users\Maurizio\AppData\Local\Programs\MiKTeX\tex/latex/listings\listings.cfg
File: listings.cfg 2020/03/24 1.8d listings configuration
))
Package: listings 2020/03/24 1.8d (Carsten Heinz)
 (C:\Users\Maurizio\AppData\Local\Programs\MiKTeX\tex/latex/hyperref\hyperref.sty
Package: hyperref 2022-02-21 v7.00n Hypertext links for LaTeX
 (C:\Users\Maurizio\AppData\Local\Programs\MiKTeX\tex/generic/ltxcmds\ltxcmds.sty
Package: ltxcmds 2020-05-10 v1.25 LaTeX kernel commands for general use (HO)
) (C:\Users\Maurizio\AppData\Local\Programs\MiKTeX\tex/generic/pdftexcmds\pdftexcmds.sty
Package: pdftexcmds 2020-06-27 v0.33 Utility functions of pdfTeX for LuaTeX (HO)
 (C:\Users\Maurizio\AppData\Local\Programs\MiKTeX\tex/generic/infwarerr\infwarerr.sty
Package: infwarerr 2019/12/03 v1.5 Providing info/warning/error messages (HO)
)
Package pdftexcmds Info: \pdf@primitive is available.
Package pdftexcmds Info: \pdf@ifprimitive is available.
Package pdftexcmds Info: \pdfdraftmode found.
) (C:\Users\Maurizio\AppData\Local\Programs\MiKTeX\tex/generic/kvsetkeys\kvsetkeys.sty
Package: kvsetkeys 2019/12/15 v1.18 Key value parser (HO)
) (C:\Users\Maurizio\AppData\Local\Programs\MiKTeX\tex/generic/kvdefinekeys\kvdefinekeys.sty
Package: kvdefinekeys 2019-12-19 v1.6 Define keys (HO)
) (C:\Users\Maurizio\AppData\Local\Programs\MiKTeX\tex/generic/pdfescape\pdfescape.sty
Package: pdfescape 2019/12/09 v1.15 Implements pdfTeX's escape features (HO)
) (C:\Users\Maurizio\AppData\Local\Programs\MiKTeX\tex/latex/hycolor\hycolor.sty
Package: hycolor 2020-01-27 v1.10 Color options for hyperref/bookmark (HO)
) (C:\Users\Maurizio\AppData\Local\Programs\MiKTeX\tex/latex/letltxmacro\letltxmacro.sty
Package: letltxmacro 2019/12/03 v1.6 Let assignment for LaTeX macros (HO)
) (C:\Users\Maurizio\AppData\Local\Programs\MiKTeX\tex/latex/auxhook\auxhook.sty
Package: auxhook 2019-12-17 v1.6 Hooks for auxiliary files (HO)
) (C:\Users\Maurizio\AppData\Local\Programs\MiKTeX\tex/latex/kvoptions\kvoptions.sty
Package: kvoptions 2020-10-07 v3.14 Key value format for package options (HO)
)
\@linkdim=\dimen161
\Hy@linkcounter=\count285
\Hy@pagecounter=\count286
 (C:\Users\Maurizio\AppData\Local\Programs\MiKTeX\tex/latex/hyperref\pd1enc.def
File: pd1enc.def 2022-02-21 v7.00n Hyperref: PDFDocEncoding definition (HO)
Now handling font encoding PD1 ...
... no UTF-8 mapping file for font encoding PD1
) (C:\Users\Maurizio\AppData\Local\Programs\MiKTeX\tex/generic/intcalc\intcalc.sty
Package: intcalc 2019/12/15 v1.3 Expandable calculations with integers (HO)
) (C:\Users\Maurizio\AppData\Local\Programs\MiKTeX\tex/generic/etexcmds\etexcmds.sty
Package: etexcmds 2019/12/15 v1.7 Avoid name clashes with e-TeX commands (HO)
)
\Hy@SavedSpaceFactor=\count287
 (C:\Users\Maurizio\AppData\Local\Programs\MiKTeX\tex/latex/hyperref\puenc.def
File: puenc.def 2022-02-21 v7.00n Hyperref: PDF Unicode definition (HO)
Now handling font encoding PU ...
... no UTF-8 mapping file for font encoding PU
)
Package hyperref Info: Hyper figures OFF on input line 4137.
Package hyperref Info: Link nesting OFF on input line 4142.
Package hyperref Info: Hyper index ON on input line 4145.
Package hyperref Info: Plain pages OFF on input line 4152.
Package hyperref Info: Backreferencing OFF on input line 4157.
Package hyperref Info: Implicit mode ON; LaTeX internals redefined.
Package hyperref Info: Bookmarks ON on input line 4390.
\c@Hy@tempcnt=\count288
 (C:\Users\Maurizio\AppData\Local\Programs\MiKTeX\tex/latex/url\url.sty
\Urlmuskip=\muskip17
Package: url 2013/09/16  ver 3.4  Verb mode for urls, etc.
)
LaTeX Info: Redefining \url on input line 4749.
\XeTeXLinkMargin=\dimen162
 (C:\Users\Maurizio\AppData\Local\Programs\MiKTeX\tex/generic/bitset\bitset.sty
Package: bitset 2019/12/09 v1.3 Handle bit-vector datatype (HO)
 (C:\Users\Maurizio\AppData\Local\Programs\MiKTeX\tex/generic/bigintcalc\bigintcalc.sty
Package: bigintcalc 2019/12/15 v1.5 Expandable calculations on big integers (HO)
))
\Fld@menulength=\count289
\Field@Width=\dimen163
\Fld@charsize=\dimen164
Package hyperref Info: Hyper figures OFF on input line 6027.
Package hyperref Info: Link nesting OFF on input line 6032.
Package hyperref Info: Hyper index ON on input line 6035.
Package hyperref Info: backreferencing OFF on input line 6042.
Package hyperref Info: Link coloring OFF on input line 6047.
Package hyperref Info: Link coloring with OCG OFF on input line 6052.
Package hyperref Info: PDF/A mode OFF on input line 6057.
LaTeX Info: Redefining \ref on input line 6097.
LaTeX Info: Redefining \pageref on input line 6101.
 (C:\Users\Maurizio\AppData\Local\Programs\MiKTeX\tex/latex/base\atbegshi-ltx.sty
Package: atbegshi-ltx 2021/01/10 v1.0c Emulation of the original atbegshi
package with kernel methods
)
\Hy@abspage=\count290
\c@Item=\count291
\c@Hfootnote=\count292
)
Package hyperref Info: Driver (autodetected): hpdftex.
 (C:\Users\Maurizio\AppData\Local\Programs\MiKTeX\tex/latex/hyperref\hpdftex.def
File: hpdftex.def 2022-02-21 v7.00n Hyperref driver for pdfTeX
 (C:\Users\Maurizio\AppData\Local\Programs\MiKTeX\tex/latex/base\atveryend-ltx.sty
Package: atveryend-ltx 2020/08/19 v1.0a Emulation of the original atveryend package
with kernel methods
)
\Fld@listcount=\count293
\c@bookmark@seq@number=\count294
 (C:\Users\Maurizio\AppData\Local\Programs\MiKTeX\tex/latex/rerunfilecheck\rerunfilecheck.sty
Package: rerunfilecheck 2019/12/05 v1.9 Rerun checks for auxiliary files (HO)
 (C:\Users\Maurizio\AppData\Local\Programs\MiKTeX\tex/generic/uniquecounter\uniquecounter.sty
Package: uniquecounter 2019/12/15 v1.4 Provide unlimited unique counter (HO)
)
Package uniquecounter Info: New unique counter `rerunfilecheck' on input line 286.
)
\Hy@SectionHShift=\skip52
) (C:\Users\Maurizio\AppData\Local\Programs\MiKTeX\tex/latex/siunitx\siunitx.sty
Package: siunitx 2022-05-03 v3.1.1 A comprehensive (SI) units package
\l__siunitx_angle_tmp_dim=\dimen165
\l__siunitx_angle_marker_box=\box54
\l__siunitx_angle_unit_box=\box55
\l__siunitx_compound_count_int=\count295
 (C:\Users\Maurizio\AppData\Local\Programs\MiKTeX\tex/latex/translations\translations.sty
Package: translations 2022/02/05 v1.12 internationalization of LaTeX2e packages (CN)
 (C:\Users\Maurizio\AppData\Local\Programs\MiKTeX\tex/latex/etoolbox\etoolbox.sty
Package: etoolbox 2020/10/05 v2.5k e-TeX tools for LaTeX (JAW)
\etb@tempcnta=\count296
))
\l__siunitx_number_exponent_fixed_int=\count297
\l__siunitx_number_min_decimal_int=\count298
\l__siunitx_number_min_integer_int=\count299
\l__siunitx_number_round_precision_int=\count300
\l__siunitx_number_group_first_int=\count301
\l__siunitx_number_group_size_int=\count302
\l__siunitx_number_group_minimum_int=\count303
\l__siunitx_table_tmp_box=\box56
\l__siunitx_table_tmp_dim=\dimen166
\l__siunitx_table_column_width_dim=\dimen167
\l__siunitx_table_integer_box=\box57
\l__siunitx_table_decimal_box=\box58
\l__siunitx_table_before_box=\box59
\l__siunitx_table_after_box=\box60
\l__siunitx_table_before_dim=\dimen168
\l__siunitx_table_carry_dim=\dimen169
\l__siunitx_unit_tmp_int=\count304
\l__siunitx_unit_position_int=\count305
\l__siunitx_unit_total_int=\count306
 (C:\Users\Maurizio\AppData\Local\Programs\MiKTeX\tex/latex/l3packages/l3keys2e\l3keys2e.sty (C:\Users\Maurizio\AppData\Local\Programs\MiKTeX\tex/latex/l3kernel\expl3.sty
Package: expl3 2022-04-29 L3 programming layer (loader) 
 (C:\Users\Maurizio\AppData\Local\Programs\MiKTeX\tex/latex/l3backend\l3backend-pdftex.def
File: l3backend-pdftex.def 2022-04-20 L3 backend support: PDF output (pdfTeX)
\l__color_backend_stack_int=\count307
\l__pdf_internal_box=\box61
))
Package: l3keys2e 2022-01-12 LaTeX2e option processing using LaTeX3 keys
) (C:\Users\Maurizio\AppData\Local\Programs\MiKTeX\tex/latex/tools\array.sty
Package: array 2021/10/04 v2.5f Tabular extension package (FMi)
\col@sep=\dimen170
\ar@mcellbox=\box62
\extrarowheight=\dimen171
\NC@list=\toks26
\extratabsurround=\skip53
\backup@length=\skip54
\ar@cellbox=\box63
)) (C:\Users\Maurizio\AppData\Local\Programs\MiKTeX\tex/latex/fancyhdr\fancyhdr.sty
Package: fancyhdr 2021/01/28 v4.0.1 Extensive control of page headers and footers
\f@nch@headwidth=\skip55
\f@nch@O@elh=\skip56
\f@nch@O@erh=\skip57
\f@nch@O@olh=\skip58
\f@nch@O@orh=\skip59
\f@nch@O@elf=\skip60
\f@nch@O@erf=\skip61
\f@nch@O@olf=\skip62
\f@nch@O@orf=\skip63
) (C:\Users\Maurizio\AppData\Local\Programs\MiKTeX\tex/latex/base\textcomp.sty
Package: textcomp 2020/02/02 v2.0n Standard LaTeX package
) (C:\Users\Maurizio\AppData\Local\Programs\MiKTeX\tex/latex/makecell\makecell.sty
Package: makecell 2009/08/03 V0.1e Managing of Tab Column Heads and Cells
\rotheadsize=\dimen172
\c@nlinenum=\count308
\TeXr@lab=\toks27
) (C:\Users\Maurizio\AppData\Local\Programs\MiKTeX\tex/latex/caption\caption.sty
Package: caption 2022/03/01 v3.6b Customizing captions (AR)
 (C:\Users\Maurizio\AppData\Local\Programs\MiKTeX\tex/latex/caption\caption3.sty
Package: caption3 2022/03/17 v2.3b caption3 kernel (AR)
\caption@tempdima=\dimen173
\captionmargin=\dimen174
\caption@leftmargin=\dimen175
\caption@rightmargin=\dimen176
\caption@width=\dimen177
\caption@indent=\dimen178
\caption@parindent=\dimen179
\caption@hangindent=\dimen180
Package caption Info: Standard document class detected.
)
\c@caption@flags=\count309
\c@continuedfloat=\count310
Package caption Info: hyperref package is loaded.
Package caption Info: listings package is loaded.
) (C:\Users\Maurizio\AppData\Local\Programs\MiKTeX\tex/latex/pdfpages\pdfpages.sty
Package: pdfpages 2022/01/29 v0.5u Insert pages of external PDF documents (AM)
 (C:\Users\Maurizio\AppData\Local\Programs\MiKTeX\tex/latex/base\ifthen.sty
Package: ifthen 2020/11/24 v1.1c Standard LaTeX ifthen package (DPC)
) (C:\Users\Maurizio\AppData\Local\Programs\MiKTeX\tex/latex/tools\calc.sty
Package: calc 2017/05/25 v4.3 Infix arithmetic (KKT,FJ)
\calc@Acount=\count311
\calc@Bcount=\count312
\calc@Adimen=\dimen181
\calc@Bdimen=\dimen182
\calc@Askip=\skip64
\calc@Bskip=\skip65
LaTeX Info: Redefining \setlength on input line 80.
LaTeX Info: Redefining \addtolength on input line 81.
\calc@Ccount=\count313
\calc@Cskip=\skip66
) (C:\Users\Maurizio\AppData\Local\Programs\MiKTeX\tex/latex/eso-pic\eso-pic.sty
Package: eso-pic 2020/10/14 v3.0a eso-pic (RN)
\ESO@tempdima=\dimen183
\ESO@tempdimb=\dimen184
 (C:\Users\Maurizio\AppData\Local\Programs\MiKTeX\tex/latex/xcolor\xcolor.sty
Package: xcolor 2021/10/31 v2.13 LaTeX color extensions (UK)
 (C:\Users\Maurizio\AppData\Local\Programs\MiKTeX\tex/latex/graphics-cfg\color.cfg
File: color.cfg 2016/01/02 v1.6 sample color configuration
)
Package xcolor Info: Driver file: pdftex.def on input line 227.
 (C:\Users\Maurizio\AppData\Local\Programs\MiKTeX\tex/latex/graphics-def\pdftex.def
File: pdftex.def 2020/10/05 v1.2a Graphics/color driver for pdftex
)
Package xcolor Info: Model `cmy' substituted by `cmy0' on input line 1352.
Package xcolor Info: Model `hsb' substituted by `rgb' on input line 1356.
Package xcolor Info: Model `RGB' extended on input line 1368.
Package xcolor Info: Model `HTML' substituted by `rgb' on input line 1370.
Package xcolor Info: Model `Hsb' substituted by `hsb' on input line 1371.
Package xcolor Info: Model `tHsb' substituted by `hsb' on input line 1372.
Package xcolor Info: Model `HSB' substituted by `hsb' on input line 1373.
Package xcolor Info: Model `Gray' substituted by `gray' on input line 1374.
Package xcolor Info: Model `wave' substituted by `hsb' on input line 1375.
)) (C:\Users\Maurizio\AppData\Local\Programs\MiKTeX\tex/latex/graphics\graphicx.sty
Package: graphicx 2021/09/16 v1.2d Enhanced LaTeX Graphics (DPC,SPQR)
 (C:\Users\Maurizio\AppData\Local\Programs\MiKTeX\tex/latex/graphics\graphics.sty
Package: graphics 2021/03/04 v1.4d Standard LaTeX Graphics (DPC,SPQR)
 (C:\Users\Maurizio\AppData\Local\Programs\MiKTeX\tex/latex/graphics\trig.sty
Package: trig 2021/08/11 v1.11 sin cos tan (DPC)
) (C:\Users\Maurizio\AppData\Local\Programs\MiKTeX\tex/latex/graphics-cfg\graphics.cfg
File: graphics.cfg 2016/06/04 v1.11 sample graphics configuration
)
Package graphics Info: Driver file: pdftex.def on input line 107.
)
\Gin@req@height=\dimen185
\Gin@req@width=\dimen186
)
\AM@pagewidth=\dimen187
\AM@pageheight=\dimen188
\AM@fboxrule=\dimen189
 (C:\Users\Maurizio\AppData\Local\Programs\MiKTeX\tex/latex/pdfpages\pppdftex.def
File: pppdftex.def 2022/01/29 v0.5u Pdfpages driver for pdfTeX (AM)
)
\pdfpages@includegraphics@status=\count314
\AM@pagebox=\box64
\AM@global@opts=\toks28
\AM@pagecnt=\count315
\AM@toc@title=\toks29
\c@AM@survey=\count316
\AM@templatesizebox=\box65
) (C:\Users\Maurizio\AppData\Local\Programs\MiKTeX\tex/latex/tools\multicol.sty
Package: multicol 2021/10/28 v1.9b multicolumn formatting (FMi)
\c@tracingmulticols=\count317
\mult@box=\box66
\multicol@leftmargin=\dimen190
\c@unbalance=\count318
\c@collectmore=\count319
\doublecol@number=\count320
\multicoltolerance=\count321
\multicolpretolerance=\count322
\full@width=\dimen191
\page@free=\dimen192
\premulticols=\dimen193
\postmulticols=\dimen194
\multicolsep=\skip67
\multicolbaselineskip=\skip68
\partial@page=\box67
\last@line=\box68
\maxbalancingoverflow=\dimen195
\mult@rightbox=\box69
\mult@grightbox=\box70
\mult@firstbox=\box71
\mult@gfirstbox=\box72
\@tempa=\box73
\@tempa=\box74
\@tempa=\box75
\@tempa=\box76
\@tempa=\box77
\@tempa=\box78
\@tempa=\box79
\@tempa=\box80
\@tempa=\box81
\@tempa=\box82
\@tempa=\box83
\@tempa=\box84
\@tempa=\box85
\@tempa=\box86
\@tempa=\box87
\@tempa=\box88
\@tempa=\box89
\@tempa=\box90
\@tempa=\box91
\@tempa=\box92
\@tempa=\box93
\@tempa=\box94
\@tempa=\box95
\@tempa=\box96
\@tempa=\box97
\@tempa=\box98
\@tempa=\box99
\@tempa=\box100
\@tempa=\box101
\@tempa=\box102
\@tempa=\box103
\@tempa=\box104
\@tempa=\box105
\@tempa=\box106
\@tempa=\box107
\@tempa=\box108
\c@minrows=\count323
\c@columnbadness=\count324
\c@finalcolumnbadness=\count325
\last@try=\dimen196
\multicolovershoot=\dimen197
\multicolundershoot=\dimen198
\mult@nat@firstbox=\box109
\colbreak@box=\box110
\mc@col@check@num=\count326
) (C:\Users\Maurizio\AppData\Local\Programs\MiKTeX\tex/latex/algorithm2e\algorithm2e.sty
Package: algorithm2e 2017/07/18 v5.2 algorithms environments
\c@AlgoLine=\count327
\algocf@hangindent=\skip69
 (C:\Users\Maurizio\AppData\Local\Programs\MiKTeX\tex/latex/ifoddpage\ifoddpage.sty
Package: ifoddpage 2016/04/23 v1.1 Conditionals for odd/even page detection
\c@checkoddpage=\count328
) (C:\Users\Maurizio\AppData\Local\Programs\MiKTeX\tex/latex/tools\xspace.sty
Package: xspace 2014/10/28 v1.13 Space after command names (DPC,MH)
) (C:\Users\Maurizio\AppData\Local\Programs\MiKTeX\tex/latex/relsize\relsize.sty
Package: relsize 2013/03/29 ver 4.1
)
\skiptotal=\skip70
\skiplinenumber=\skip71
\skiprule=\skip72
\skiphlne=\skip73
\skiptext=\skip74
\skiplength=\skip75
\algomargin=\skip76
\skipalgocfslide=\skip77
\algowidth=\dimen199
\inoutsize=\dimen256
\inoutindent=\dimen257
\interspacetitleruled=\dimen258
\interspacealgoruled=\dimen259
\interspacetitleboxruled=\dimen260
\algocf@ruledwidth=\skip78
\algocf@inoutbox=\box111
\algocf@inputbox=\box112
\AlCapSkip=\skip79
\AlCapHSkip=\skip80
\algoskipindent=\skip81
\algocf@nlbox=\box113
\algocf@hangingbox=\box114
\algocf@untilbox=\box115
\algocf@skipuntil=\skip82
\algocf@capbox=\box116
\algocf@lcaptionbox=\skip83
\algoheightruledefault=\skip84
\algoheightrule=\skip85
\algotitleheightruledefault=\skip86
\algotitleheightrule=\skip87
\c@algocfline=\count329
\c@algocfproc=\count330
\c@algocf=\count331
\algocf@algoframe=\box117
\algocf@algobox=\box118
) (C:\Users\Maurizio\AppData\Local\Programs\MiKTeX\tex/generic/soul\soul.sty
Package: soul 2003/11/17 v2.4 letterspacing/underlining (mf)
\SOUL@word=\toks30
\SOUL@lasttoken=\toks31
\SOUL@cmds=\toks32
\SOUL@buffer=\toks33
\SOUL@token=\toks34
\SOUL@spaceskip=\skip88
\SOUL@ttwidth=\dimen261
\SOUL@uldp=\dimen262
\SOUL@ulht=\dimen263
) (C:\Users\Maurizio\AppData\Local\Programs\MiKTeX\tex/latex/appendix\appendix.sty
Package: appendix 2020/02/08 v1.2c extra appendix facilities
\c@@pps=\count332
\c@@ppsavesec=\count333
\c@@ppsaveapp=\count334
) (C:\Users\Maurizio\AppData\Local\Programs\MiKTeX\tex/latex/float\float.sty
Package: float 2001/11/08 v1.3d Float enhancements (AL)
\c@float@type=\count335
\float@exts=\toks35
\float@box=\box119
\@float@everytoks=\toks36
\@floatcapt=\box120
) (C:\Users\Maurizio\AppData\Local\Programs\MiKTeX\tex/latex/wrapfig\wrapfig.sty
\wrapoverhang=\dimen264
\WF@size=\dimen265
\c@WF@wrappedlines=\count336
\WF@box=\box121
\WF@everypar=\toks37
Package: wrapfig 2003/01/31  v 3.6
) (C:\Users\Maurizio\AppData\Local\Programs\MiKTeX\tex/latex/braket\braket.sty) (C:\Users\Maurizio\AppData\Local\Programs\MiKTeX\tex/latex/mathtools\mathtools.sty
Package: mathtools 2022/02/07 v1.28a mathematical typesetting tools
 (C:\Users\Maurizio\AppData\Local\Programs\MiKTeX\tex/latex/mathtools\mhsetup.sty
Package: mhsetup 2021/03/18 v1.4 programming setup (MH)
)
\g_MT_multlinerow_int=\count337
\l_MT_multwidth_dim=\dimen266
\origjot=\skip89
\l_MT_shortvdotswithinadjustabove_dim=\dimen267
\l_MT_shortvdotswithinadjustbelow_dim=\dimen268
\l_MT_above_intertext_sep=\dimen269
\l_MT_below_intertext_sep=\dimen270
\l_MT_above_shortintertext_sep=\dimen271
\l_MT_below_shortintertext_sep=\dimen272
\xmathstrut@box=\box122
\xmathstrut@dim=\dimen273
) (C:\Users\Maurizio\AppData\Local\Programs\MiKTeX\tex/latex/caption\subcaption.sty
Package: subcaption 2022/01/07 v1.5 Sub-captions (AR)
\c@subfigure=\count338
\c@subtable=\count339
) (C:\Users\Maurizio\AppData\Local\Programs\MiKTeX\tex/latex/tex-gyre\tgbonum.sty
Package: tgbonum 2009/09/27 v1.2 TeX Gyre Bonum as default roman family
))
LaTeX Font Info:    Trying to load font information for T1+qbk on input line 11.
 (C:\Users\Maurizio\AppData\Local\Programs\MiKTeX\tex/latex/tex-gyre\t1qbk.fd
File: t1qbk.fd 2009/09/25 v1.2 font definition file for T1/qbk
) (principal.aux)
\openout1 = `principal.aux'.

LaTeX Font Info:    Checking defaults for OML/cmm/m/it on input line 11.
LaTeX Font Info:    ... okay on input line 11.
LaTeX Font Info:    Checking defaults for OMS/cmsy/m/n on input line 11.
LaTeX Font Info:    ... okay on input line 11.
LaTeX Font Info:    Checking defaults for OT1/cmr/m/n on input line 11.
LaTeX Font Info:    ... okay on input line 11.
LaTeX Font Info:    Checking defaults for T1/cmr/m/n on input line 11.
LaTeX Font Info:    ... okay on input line 11.
LaTeX Font Info:    Checking defaults for TS1/cmr/m/n on input line 11.
LaTeX Font Info:    ... okay on input line 11.
LaTeX Font Info:    Checking defaults for OMX/cmex/m/n on input line 11.
LaTeX Font Info:    ... okay on input line 11.
LaTeX Font Info:    Checking defaults for U/cmr/m/n on input line 11.
LaTeX Font Info:    ... okay on input line 11.
LaTeX Font Info:    Checking defaults for PD1/pdf/m/n on input line 11.
LaTeX Font Info:    ... okay on input line 11.
LaTeX Font Info:    Checking defaults for PU/pdf/m/n on input line 11.
LaTeX Font Info:    ... okay on input line 11.

*geometry* driver: auto-detecting
*geometry* detected driver: pdftex
*geometry* verbose mode - [ preamble ] result:
* driver: pdftex
* paper: a4paper
* layout: <same size as paper>
* layoutoffset:(h,v)=(0.0pt,0.0pt)
* modes: 
* h-part:(L,W,R)=(81.94394pt, 433.62pt, 81.94394pt)
* v-part:(T,H,B)=(106.75473pt, 578.15999pt, 160.13213pt)
* \paperwidth=597.50787pt
* \paperheight=845.04684pt
* \textwidth=433.62pt
* \textheight=578.15999pt
* \oddsidemargin=9.67395pt
* \evensidemargin=9.67395pt
* \topmargin=4.41725pt
* \headheight=12.0pt
* \headsep=18.06749pt
* \topskip=10.0pt
* \footskip=25.29494pt
* \marginparwidth=69.0pt
* \marginparsep=7.0pt
* \columnsep=10.0pt
* \skip\footins=9.0pt plus 4.0pt minus 2.0pt
* \hoffset=0.0pt
* \voffset=0.0pt
* \mag=1000
* \@twocolumnfalse
* \@twosidefalse
* \@mparswitchfalse
* \@reversemarginfalse
* (1in=72.27pt=25.4mm, 1cm=28.453pt)

\c@lstlisting=\count340
Package hyperref Info: Link coloring OFF on input line 11.
(C:\Users\Maurizio\AppData\Local\Programs\MiKTeX\tex/latex/hyperref\nameref.sty
Package: nameref 2021-04-02 v2.47 Cross-referencing by name of section
 (C:\Users\Maurizio\AppData\Local\Programs\MiKTeX\tex/latex/refcount\refcount.sty
Package: refcount 2019/12/15 v3.6 Data extraction from label references (HO)
) (C:\Users\Maurizio\AppData\Local\Programs\MiKTeX\tex/generic/gettitlestring\gettitlestring.sty
Package: gettitlestring 2019/12/15 v1.6 Cleanup title references (HO)
)
\c@section@level=\count341
)
LaTeX Info: Redefining \ref on input line 11.
LaTeX Info: Redefining \pageref on input line 11.
LaTeX Info: Redefining \nameref on input line 11.
 (principal.out) (principal.out)
\@outlinefile=\write3
\openout3 = `principal.out'.

 (C:\Users\Maurizio\AppData\Local\Programs\MiKTeX\tex/latex/translations/dicts\translations-basic-dictionary-english.trsl
File: translations-basic-dictionary-english.trsl (english translation file `translations-basic-dictionary')
)
Package translations Info: loading dictionary `translations-basic-dictionary' for `english'. on input line 11.
Package caption Info: Begin \AtBeginDocument code.
Package caption Info: float package is loaded.
Package caption Info: wrapfig package is loaded.
Package caption Info: End \AtBeginDocument code.
 (C:\Users\Maurizio\AppData\Local\Programs\MiKTeX\tex/context/base/mkii\supp-pdf.mkii
[Loading MPS to PDF converter (version 2006.09.02).]
\scratchcounter=\count342
\scratchdimen=\dimen274
\scratchbox=\box123
\nofMPsegments=\count343
\nofMParguments=\count344
\everyMPshowfont=\toks38
\MPscratchCnt=\count345
\MPscratchDim=\dimen275
\MPnumerator=\count346
\makeMPintoPDFobject=\count347
\everyMPtoPDFconversion=\toks39
) (C:\Users\Maurizio\AppData\Local\Programs\MiKTeX\tex/latex/epstopdf-pkg\epstopdf-base.sty
Package: epstopdf-base 2020-01-24 v2.11 Base part for package epstopdf
Package epstopdf-base Info: Redefining graphics rule for `.eps' on input line 485.
 (C:\Users\Maurizio\AppData\Local\Programs\MiKTeX\tex/latex/00miktex\epstopdf-sys.cfg
File: epstopdf-sys.cfg 2021/03/18 v2.0 Configuration of epstopdf for MiKTeX
)) (C:\Users\Maurizio\AppData\Local\Programs\MiKTeX\tex/latex/pdflscape\pdflscape.sty
Package: pdflscape 2019/12/05 v0.12 Display of landscape pages in PDF (HO)
 (C:\Users\Maurizio\AppData\Local\Programs\MiKTeX\tex/latex/graphics\lscape.sty
Package: lscape 2020/05/28 v3.02 Landscape Pages (DPC)
)
Package pdflscape Info: Auto-detected driver: pdftex on input line 81.
)
LaTeX Font Info:    Trying to load font information for U+msa on input line 13.
 (C:\Users\Maurizio\AppData\Local\Programs\MiKTeX\tex/latex/amsfonts\umsa.fd
File: umsa.fd 2013/01/14 v3.01 AMS symbols A
)
LaTeX Font Info:    Trying to load font information for U+msb on input line 13.
 (C:\Users\Maurizio\AppData\Local\Programs\MiKTeX\tex/latex/amsfonts\umsb.fd
File: umsb.fd 2013/01/14 v3.01 AMS symbols B
) [1


{C:/Users/Maurizio/AppData/Local/MiKTeX/fonts/map/pdftex/pdftex.map}] (principal.toc)
\tf@toc=\write4
\openout4 = `principal.toc'.

 (chapters/Genetic_Fingerprinting.tex
pdfTeX warning (ext4): destination with the same identifier (name{page.1}) has been already used, duplicate ignored
<to be read again> 
                   \relax 
l.2 \chapter
            {Genetic Figerprinting} [1

]
Chapter 1.
LaTeX Font Info:    Trying to load font information for TS1+qbk on input line 9.
(C:\Users\Maurizio\AppData\Local\Programs\MiKTeX\tex/latex/tex-gyre\ts1qbk.fd
File: ts1qbk.fd 2009/09/25 v1.2 font definition file for TS1/qbk
)

Package hyperref Warning: Difference (2) between bookmark levels is greater 
(hyperref)                than one, level fixed on input line 15.

[2

]
LaTeX Font Info:    Trying to load font information for T1+cmtt on input line 47.
 (C:\Users\Maurizio\AppData\Local\Programs\MiKTeX\tex/latex/base\t1cmtt.fd
File: t1cmtt.fd 2019/12/16 v2.5j Standard LaTeX font definitions
) [3]
<chapters/GeneticFingImages//LD_plot.PNG, id=168, 412.54124pt x 260.47313pt>
File: chapters/GeneticFingImages//LD_plot.PNG Graphic file (type png)
<use chapters/GeneticFingImages//LD_plot.PNG>
Package pdftex.def Info: chapters/GeneticFingImages//LD_plot.PNG  used on input line 66.
(pdftex.def)             Requested size: 303.53267pt x 191.65013pt.
 [4 <./chapters/GeneticFingImages//LD_plot.PNG>]
<chapters/GeneticFingImages//SNP_number.PNG, id=176, 493.845pt x 364.86313pt>
File: chapters/GeneticFingImages//SNP_number.PNG Graphic file (type png)
<use chapters/GeneticFingImages//SNP_number.PNG>
Package pdftex.def Info: chapters/GeneticFingImages//SNP_number.PNG  used on input line 101.
(pdftex.def)             Requested size: 303.53267pt x 224.25308pt.
 [5] [6 <./chapters/GeneticFingImages//SNP_number.PNG>]
<chapters/GeneticFingImages//Distance.PNG, id=193, 508.90125pt x 356.33125pt>
File: chapters/GeneticFingImages//Distance.PNG Graphic file (type png)
<use chapters/GeneticFingImages//Distance.PNG>
Package pdftex.def Info: chapters/GeneticFingImages//Distance.PNG  used on input line 156.
(pdftex.def)             Requested size: 303.53267pt x 212.53897pt.
<chapters/GeneticFingImages//Distance2.PNG, id=194, 511.9125pt x 367.3725pt>
File: chapters/GeneticFingImages//Distance2.PNG Graphic file (type png)
<use chapters/GeneticFingImages//Distance2.PNG>
Package pdftex.def Info: chapters/GeneticFingImages//Distance2.PNG  used on input line 165.
(pdftex.def)             Requested size: 303.53267pt x 217.82977pt.
 [7 <./chapters/GeneticFingImages//Distance.PNG>]
<chapters/GeneticFingImages//Distance3.PNG, id=203, 430.10687pt x 358.84062pt>
File: chapters/GeneticFingImages//Distance3.PNG Graphic file (type png)
<use chapters/GeneticFingImages//Distance3.PNG>
Package pdftex.def Info: chapters/GeneticFingImages//Distance3.PNG  used on input line 182.
(pdftex.def)             Requested size: 303.53267pt x 253.24548pt.
 [8 <./chapters/GeneticFingImages//Distance2.PNG>]
<chapters/GeneticFingImages//Selected_SNP.PNG, id=211, 510.90875pt x 412.54124pt>
File: chapters/GeneticFingImages//Selected_SNP.PNG Graphic file (type png)
<use chapters/GeneticFingImages//Selected_SNP.PNG>
Package pdftex.def Info: chapters/GeneticFingImages//Selected_SNP.PNG  used on input line 213.
(pdftex.def)             Requested size: 303.53267pt x 245.09055pt.
 [9 <./chapters/GeneticFingImages//Distance3.PNG>] [10 <./chapters/GeneticFingImages//Selected_SNP.PNG>]
<chapters/GeneticFingImages//Prob_test.PNG, id=230, 505.89pt x 352.81813pt>
File: chapters/GeneticFingImages//Prob_test.PNG Graphic file (type png)
<use chapters/GeneticFingImages//Prob_test.PNG>
Package pdftex.def Info: chapters/GeneticFingImages//Prob_test.PNG  used on input line 264.
(pdftex.def)             Requested size: 303.53267pt x 211.6925pt.
 [11 <./chapters/GeneticFingImages//Prob_test.PNG>] [12]
<chapters/GeneticFingImages//cell_lines_1.PNG, id=244, 430.60875pt x 248.93pt>
File: chapters/GeneticFingImages//cell_lines_1.PNG Graphic file (type png)
<use chapters/GeneticFingImages//cell_lines_1.PNG>
Package pdftex.def Info: chapters/GeneticFingImages//cell_lines_1.PNG  used on input line 314.
(pdftex.def)             Requested size: 216.81pt x 125.3383pt.
<chapters/GeneticFingImages//cell_lines_2.PNG, id=245, 424.58624pt x 253.94875pt>
File: chapters/GeneticFingImages//cell_lines_2.PNG Graphic file (type png)
<use chapters/GeneticFingImages//cell_lines_2.PNG>
Package pdftex.def Info: chapters/GeneticFingImages//cell_lines_2.PNG  used on input line 314.
(pdftex.def)             Requested size: 216.81pt x 129.67488pt.
<chapters/GeneticFingImages//trios.PNG, id=246, 530.48187pt x 395.4775pt>
File: chapters/GeneticFingImages//trios.PNG Graphic file (type png)
<use chapters/GeneticFingImages//trios.PNG>
Package pdftex.def Info: chapters/GeneticFingImages//trios.PNG  used on input line 328.
(pdftex.def)             Requested size: 303.53267pt x 226.28745pt.
 [13 <./chapters/GeneticFingImages//cell_lines_1.PNG> <./chapters/GeneticFingImages//cell_lines_2.PNG>] [14 <./chapters/GeneticFingImages//trios.PNG>]
<chapters/GeneticFingImages//PCA.PNG, id=263, 532.99126pt x 398.99063pt>
File: chapters/GeneticFingImages//PCA.PNG Graphic file (type png)
<use chapters/GeneticFingImages//PCA.PNG>
Package pdftex.def Info: chapters/GeneticFingImages//PCA.PNG  used on input line 373.
(pdftex.def)             Requested size: 303.53267pt x 227.2261pt.
 [15]
<chapters/GeneticFingImages//PCA_swiss.PNG, id=270, 524.45938pt x 395.97937pt>
File: chapters/GeneticFingImages//PCA_swiss.PNG Graphic file (type png)
<use chapters/GeneticFingImages//PCA_swiss.PNG>
Package pdftex.def Info: chapters/GeneticFingImages//PCA_swiss.PNG  used on input line 384.
(pdftex.def)             Requested size: 303.53267pt x 229.17879pt.
) (chapters/IGV.tex [16 <./chapters/GeneticFingImages//PCA.PNG>] [17 <./chapters/GeneticFingImages//PCA_swiss.PNG>]
Chapter 2.
<chapters/IGVimages//usagesIGV.PNG, id=284, 700.11563pt x 397.485pt>
File: chapters/IGVimages//usagesIGV.PNG Graphic file (type png)
<use chapters/IGVimages//usagesIGV.PNG>
Package pdftex.def Info: chapters/IGVimages//usagesIGV.PNG  used on input line 18.
(pdftex.def)             Requested size: 260.17464pt x 147.71611pt.

Overfull \hbox (14.67653pt too wide) in paragraph at lines 22--34
\T1/qbk/m/n/10 tive ex-plo-ration of large, in-te-grated ge-nomic datasets. It sup-ports a $[]$,
 []

[18

 <./chapters/IGVimages//usagesIGV.PNG>]
<chapters/IGVimages//IGVview.PNG, id=294, 355.82938pt x 245.41687pt>
File: chapters/IGVimages//IGVview.PNG Graphic file (type png)
<use chapters/IGVimages//IGVview.PNG>
Package pdftex.def Info: chapters/IGVimages//IGVview.PNG  used on input line 60.
(pdftex.def)             Requested size: 303.53267pt x 209.35426pt.
<chapters/IGVimages//Tiles.PNG, id=295, 551.05875pt x 346.79562pt>
File: chapters/IGVimages//Tiles.PNG Graphic file (type png)
<use chapters/IGVimages//Tiles.PNG>
Package pdftex.def Info: chapters/IGVimages//Tiles.PNG  used on input line 66.
(pdftex.def)             Requested size: 260.17464pt x 163.74008pt.
<chapters/IGVimages//TileView.PNG, id=296, 412.03937pt x 340.27126pt>
File: chapters/IGVimages//TileView.PNG Graphic file (type png)
<use chapters/IGVimages//TileView.PNG>
Package pdftex.def Info: chapters/IGVimages//TileView.PNG  used on input line 72.
(pdftex.def)             Requested size: 260.17464pt x 214.86008pt.
<chapters/IGVimages//IGVReadsView.PNG, id=297, 722.19812pt x 376.40625pt>
File: chapters/IGVimages//IGVReadsView.PNG Graphic file (type png)
<use chapters/IGVimages//IGVReadsView.PNG>
Package pdftex.def Info: chapters/IGVimages//IGVReadsView.PNG  used on input line 78.
(pdftex.def)             Requested size: 260.17464pt x 135.59804pt.
 [19 <./chapters/IGVimages//IGVview.PNG> <./chapters/IGVimages//Tiles.PNG>]
<chapters/IGVimages//igvtools.PNG, id=307, 446.16687pt x 188.705pt>
File: chapters/IGVimages//igvtools.PNG Graphic file (type png)
<use chapters/IGVimages//igvtools.PNG>
Package pdftex.def Info: chapters/IGVimages//igvtools.PNG  used on input line 89.
(pdftex.def)             Requested size: 260.17464pt x 110.04211pt.
 [20 <./chapters/IGVimages//TileView.PNG> <./chapters/IGVimages//IGVReadsView.PNG>]
<chapters/IGVimages//structureXMLfile.PNG, id=316, 495.8525pt x 327.72438pt>
File: chapters/IGVimages//structureXMLfile.PNG Graphic file (type png)
<use chapters/IGVimages//structureXMLfile.PNG>
Package pdftex.def Info: chapters/IGVimages//structureXMLfile.PNG  used on input line 100.
(pdftex.def)             Requested size: 325.215pt x 214.94357pt.
<chapters/IGVimages//RNAseqAlign.PNG, id=317, 380.92313pt x 110.4125pt>
File: chapters/IGVimages//RNAseqAlign.PNG Graphic file (type png)
<use chapters/IGVimages//RNAseqAlign.PNG>
Package pdftex.def Info: chapters/IGVimages//RNAseqAlign.PNG  used on input line 115.
(pdftex.def)             Requested size: 260.17464pt x 75.41476pt.
 [21 <./chapters/IGVimages//igvtools.PNG> <./chapters/IGVimages//structureXMLfile.PNG>]
<chapters/IGVimages//sashamiplot.PNG, id=326, 409.02812pt x 161.60374pt>
File: chapters/IGVimages//sashamiplot.PNG Graphic file (type png)
<use chapters/IGVimages//sashamiplot.PNG>
Package pdftex.def Info: chapters/IGVimages//sashamiplot.PNG  used on input line 123.
(pdftex.def)             Requested size: 260.17464pt x 102.7997pt.
<chapters/IGVimages//variantsView.PNG, id=327, 728.22063pt x 274.52562pt>
File: chapters/IGVimages//variantsView.PNG Graphic file (type png)
<use chapters/IGVimages//variantsView.PNG>
Package pdftex.def Info: chapters/IGVimages//variantsView.PNG  used on input line 131.
(pdftex.def)             Requested size: 260.17464pt x 98.07933pt.
<chapters/IGVimages//pos1.PNG, id=328, 533.49312pt x 235.37938pt>
File: chapters/IGVimages//pos1.PNG Graphic file (type png)
<use chapters/IGVimages//pos1.PNG>
Package pdftex.def Info: chapters/IGVimages//pos1.PNG  used on input line 147.
(pdftex.def)             Requested size: 260.17464pt x 114.79457pt.
 [22 <./chapters/IGVimages//RNAseqAlign.PNG> <./chapters/IGVimages//sashamiplot.PNG> <./chapters/IGVimages//variantsView.PNG>]
<chapters/IGVimages//pos2.PNG, id=339, 269.50688pt x 280.54813pt>
File: chapters/IGVimages//pos2.PNG Graphic file (type png)
<use chapters/IGVimages//pos2.PNG>
Package pdftex.def Info: chapters/IGVimages//pos2.PNG  used on input line 153.
(pdftex.def)             Requested size: 238.49231pt x 248.2658pt.
<chapters/IGVimages//cov3.PNG, id=340, 404.51125pt x 40.15pt>
File: chapters/IGVimages//cov3.PNG Graphic file (type png)
<use chapters/IGVimages//cov3.PNG>
Package pdftex.def Info: chapters/IGVimages//cov3.PNG  used on input line 160.
(pdftex.def)             Requested size: 260.17464pt x 25.82394pt.
<chapters/IGVimages//pos3.PNG, id=341, 681.54625pt x 241.90375pt>
File: chapters/IGVimages//pos3.PNG Graphic file (type png)
<use chapters/IGVimages//pos3.PNG>
Package pdftex.def Info: chapters/IGVimages//pos3.PNG  used on input line 164.
(pdftex.def)             Requested size: 260.17464pt x 92.34517pt.
<chapters/IGVimages//pos3passages.jpg, id=342, 1473.505pt x 743.77875pt>
File: chapters/IGVimages//pos3passages.jpg Graphic file (type jpg)
<use chapters/IGVimages//pos3passages.jpg>
Package pdftex.def Info: chapters/IGVimages//pos3passages.jpg  used on input line 169.
(pdftex.def)             Requested size: 260.17464pt x 131.32083pt.
 [23 <./chapters/IGVimages//pos1.PNG> <./chapters/IGVimages//pos2.PNG>]) [24 <./chapters/IGVimages//cov3.PNG> <./chapters/IGVimages//pos3.PNG> <./chapters/IGVimages//pos3passages.jpg>] (principal.aux)
Package rerunfilecheck Info: File `principal.out' has not changed.
(rerunfilecheck)             Checksum: 8DF7D9881303A1DD0691A7EC15DFD044;5111.
 ) 
Here is how much of TeX's memory you used:
 21613 strings out of 478619
 410371 string characters out of 2841829
 695875 words of memory out of 3000000
 39339 multiletter control sequences out of 15000+600000
 527067 words of font info for 73 fonts, out of 8000000 for 9000
 1141 hyphenation exceptions out of 8191
 79i,12n,82p,755b,864s stack positions out of 10000i,1000n,20000p,200000b,80000s
{C:/Users/Maurizio/AppData/Local/Programs/MiKTeX/fonts/enc/dvips/tex-gyre/q-ec.enc} <C:\Users\Maurizio\AppData\Local\MiKTeX\fonts/pk/ljfour/jknappen/ec/dpi600\ectt1000.pk>{C:/Users/Maurizio/AppData/Local/Programs/MiKTeX/fonts/enc/dvips/tex-gyre/q-ts1.enc}<C:/Users/Maurizio/AppData/Local/Programs/MiKTeX/fonts/type1/public/amsfonts/cm/cmmi10.pfb><C:/Users/Maurizio/AppData/Local/Programs/MiKTeX/fonts/type1/public/amsfonts/cm/cmmi7.pfb><C:/Users/Maurizio/AppData/Local/Programs/MiKTeX/fonts/type1/public/amsfonts/cm/cmr7.pfb><C:/Users/Maurizio/AppData/Local/Programs/MiKTeX/fonts/type1/public/amsfonts/cm/cmsy10.pfb><C:/Users/Maurizio/AppData/Local/Programs/MiKTeX/fonts/type1/public/tex-gyre/qbkb.pfb><C:/Users/Maurizio/AppData/Local/Programs/MiKTeX/fonts/type1/public/tex-gyre/qbkbi.pfb><C:/Users/Maurizio/AppData/Local/Programs/MiKTeX/fonts/type1/public/tex-gyre/qbkr.pfb><C:/Users/Maurizio/AppData/Local/Programs/MiKTeX/fonts/type1/public/tex-gyre/qbkri.pfb>
Output written on principal.pdf (25 pages, 5222298 bytes).
PDF statistics:
 446 PDF objects out of 1000 (max. 8388607)
 88 named destinations out of 1000 (max. 500000)
 352 words of extra memory for PDF output out of 10000 (max. 10000000)

